0 info it worked if it ends with ok
1 verbose cli [ '/usr/local/Cellar/node/5.7.0/bin/node',
1 verbose cli   '/usr/local/bin/npm',
1 verbose cli   'run',
1 verbose cli   'check' ]
2 info using npm@3.6.0
3 info using node@v5.7.0
4 verbose run-script [ 'precheck', 'check', 'postcheck' ]
5 info lifecycle graphcool-server@1.0.0~precheck: graphcool-server@1.0.0
6 silly lifecycle graphcool-server@1.0.0~precheck: no script for precheck, continuing
7 info lifecycle graphcool-server@1.0.0~check: graphcool-server@1.0.0
8 verbose lifecycle graphcool-server@1.0.0~check: unsafe-perm in lifecycle true
9 verbose lifecycle graphcool-server@1.0.0~check: PATH: /usr/local/lib/node_modules/npm/bin/node-gyp-bin:/Users/johanens/Desktop/work/graphcool/graphcool-server/node_modules/.bin:/usr/local/bin:/usr/bin:/bin:/usr/sbin:/sbin:/Users/johanens/.config/bin:/Users/johanens/.bin
10 verbose lifecycle graphcool-server@1.0.0~check: CWD: /Users/johanens/Desktop/work/graphcool/graphcool-server
11 silly lifecycle graphcool-server@1.0.0~check: Args: [ '-c', 'flow check' ]
12 silly lifecycle graphcool-server@1.0.0~check: Returned: code: 2  signal: null
13 info lifecycle graphcool-server@1.0.0~check: Failed to exec check script
14 verbose stack Error: graphcool-server@1.0.0 check: `flow check`
14 verbose stack Exit status 2
14 verbose stack     at EventEmitter.<anonymous> (/usr/local/lib/node_modules/npm/lib/utils/lifecycle.js:232:16)
14 verbose stack     at emitTwo (events.js:100:13)
14 verbose stack     at EventEmitter.emit (events.js:185:7)
14 verbose stack     at ChildProcess.<anonymous> (/usr/local/lib/node_modules/npm/lib/utils/spawn.js:24:14)
14 verbose stack     at emitTwo (events.js:100:13)
14 verbose stack     at ChildProcess.emit (events.js:185:7)
14 verbose stack     at maybeClose (internal/child_process.js:827:16)
14 verbose stack     at Process.ChildProcess._handle.onexit (internal/child_process.js:211:5)
15 verbose pkgid graphcool-server@1.0.0
16 verbose cwd /Users/johanens/Desktop/work/graphcool/graphcool-server
17 error Darwin 15.3.0
18 error argv "/usr/local/Cellar/node/5.7.0/bin/node" "/usr/local/bin/npm" "run" "check"
19 error node v5.7.0
20 error npm  v3.6.0
21 error code ELIFECYCLE
22 error graphcool-server@1.0.0 check: `flow check`
22 error Exit status 2
23 error Failed at the graphcool-server@1.0.0 check script 'flow check'.
23 error Make sure you have the latest version of node.js and npm installed.
23 error If you do, this is most likely a problem with the graphcool-server package,
23 error not with npm itself.
23 error Tell the author that this fails on your system:
23 error     flow check
23 error You can get information on how to open an issue for this project with:
23 error     npm bugs graphcool-server
23 error Or if that isn't available, you can get their info via:
23 error     npm owner ls graphcool-server
23 error There is likely additional logging output above.
24 verbose exit [ 1, true ]
